[0.058s] Invoking command in '/home/es22/ros2_lws/src/my_robot_bringup/build/my_robot_bringup': CMAKE_PREFIX_PATH=${CMAKE_PREFIX_PATH}:/home/es22/ros2_lws/install/my_py_pkg:/home/es22/ros2_lws/install/my_robot_controller:/opt/ros/humble /usr/bin/cmake /home/es22/ros2_lws/src/my_robot_bringup -DAMENT_CMAKE_SYMLINK_INSTALL=1 -DCMAKE_INSTALL_PREFIX=/home/es22/ros2_lws/src/my_robot_bringup/install/my_robot_bringup
[0.093s] -- The C compiler identification is GNU 11.4.0
[0.129s] -- The CXX compiler identification is GNU 11.4.0
[0.134s] -- Detecting C compiler ABI info
[0.180s] -- Detecting C compiler ABI info - done
[0.187s] -- Check for working C compiler: /usr/bin/cc - skipped
[0.188s] -- Detecting C compile features
[0.188s] -- Detecting C compile features - done
[0.190s] -- Detecting CXX compiler ABI info
[0.242s] -- Detecting CXX compiler ABI info - done
[0.247s] -- Check for working CXX compiler: /usr/bin/c++ - skipped
[0.247s] -- Detecting CXX compile features
[0.248s] -- Detecting CXX compile features - done
[0.250s] -- Found ament_cmake: 1.3.6 (/opt/ros/humble/share/ament_cmake/cmake)
[0.379s] -- Found Python3: /usr/bin/python3.10 (found version "3.10.12") found components: Interpreter 
[0.426s] -- Override CMake install command with custom implementation using symlinks instead of copying resources
[0.448s] -- Found ament_lint_auto: 0.12.9 (/opt/ros/humble/share/ament_lint_auto/cmake)
[0.518s] -- Added test 'cppcheck' to perform static code analysis on C / C++ code
[0.518s] -- Configured cppcheck include dirs: 
[0.518s] -- Configured cppcheck exclude dirs and/or files: 
[0.518s] -- Added test 'flake8' to check Python code syntax and style conventions
[0.519s] -- Added test 'lint_cmake' to check CMake code style
[0.520s] -- Added test 'pep257' to check Python code against some of the docstring style conventions in PEP 257
[0.522s] -- Added test 'uncrustify' to check C / C++ code style
[0.522s] -- Configured uncrustify additional arguments: 
[0.522s] -- Added test 'xmllint' to check XML markup files
[0.523s] -- Configuring done
[0.525s] -- Generating done
[0.526s] -- Build files have been written to: /home/es22/ros2_lws/src/my_robot_bringup/build/my_robot_bringup
[0.529s] Invoked command in '/home/es22/ros2_lws/src/my_robot_bringup/build/my_robot_bringup' returned '0': CMAKE_PREFIX_PATH=${CMAKE_PREFIX_PATH}:/home/es22/ros2_lws/install/my_py_pkg:/home/es22/ros2_lws/install/my_robot_controller:/opt/ros/humble /usr/bin/cmake /home/es22/ros2_lws/src/my_robot_bringup -DAMENT_CMAKE_SYMLINK_INSTALL=1 -DCMAKE_INSTALL_PREFIX=/home/es22/ros2_lws/src/my_robot_bringup/install/my_robot_bringup
[0.531s] Invoking command in '/home/es22/ros2_lws/src/my_robot_bringup/build/my_robot_bringup': CMAKE_PREFIX_PATH=${CMAKE_PREFIX_PATH}:/home/es22/ros2_lws/install/my_py_pkg:/home/es22/ros2_lws/install/my_robot_controller:/opt/ros/humble /usr/bin/cmake --build /home/es22/ros2_lws/src/my_robot_bringup/build/my_robot_bringup -- -j16 -l16
[0.555s] Invoked command in '/home/es22/ros2_lws/src/my_robot_bringup/build/my_robot_bringup' returned '0': CMAKE_PREFIX_PATH=${CMAKE_PREFIX_PATH}:/home/es22/ros2_lws/install/my_py_pkg:/home/es22/ros2_lws/install/my_robot_controller:/opt/ros/humble /usr/bin/cmake --build /home/es22/ros2_lws/src/my_robot_bringup/build/my_robot_bringup -- -j16 -l16
[0.576s] Invoking command in '/home/es22/ros2_lws/src/my_robot_bringup/build/my_robot_bringup': CMAKE_PREFIX_PATH=${CMAKE_PREFIX_PATH}:/home/es22/ros2_lws/install/my_py_pkg:/home/es22/ros2_lws/install/my_robot_controller:/opt/ros/humble /usr/bin/cmake --install /home/es22/ros2_lws/src/my_robot_bringup/build/my_robot_bringup
[0.581s] -- Install configuration: ""
[0.581s] -- Execute custom install script
[0.582s] -- Symlinking: /home/es22/ros2_lws/src/my_robot_bringup/install/my_robot_bringup/share/my_robot_bringup/launch/demo_xml.launch.xml
[0.588s] -- Symlinking: /home/es22/ros2_lws/src/my_robot_bringup/install/my_robot_bringup/share/my_robot_bringup/launch/params.launch.py
[0.593s] -- Symlinking: /home/es22/ros2_lws/src/my_robot_bringup/install/my_robot_bringup/share/my_robot_bringup/launch/test.launch.py
[0.599s] -- Symlinking: /home/es22/ros2_lws/src/my_robot_bringup/install/my_robot_bringup/share/my_robot_bringup/config/params.yaml
[0.604s] -- Symlinking: /home/es22/ros2_lws/src/my_robot_bringup/install/my_robot_bringup/share/ament_index/resource_index/package_run_dependencies/my_robot_bringup
[0.610s] -- Symlinking: /home/es22/ros2_lws/src/my_robot_bringup/install/my_robot_bringup/share/ament_index/resource_index/parent_prefix_path/my_robot_bringup
[0.615s] -- Symlinking: /home/es22/ros2_lws/src/my_robot_bringup/install/my_robot_bringup/share/my_robot_bringup/environment/ament_prefix_path.sh
[0.621s] -- Symlinking: /home/es22/ros2_lws/src/my_robot_bringup/install/my_robot_bringup/share/my_robot_bringup/environment/ament_prefix_path.dsv
[0.626s] -- Symlinking: /home/es22/ros2_lws/src/my_robot_bringup/install/my_robot_bringup/share/my_robot_bringup/environment/path.sh
[0.632s] -- Symlinking: /home/es22/ros2_lws/src/my_robot_bringup/install/my_robot_bringup/share/my_robot_bringup/environment/path.dsv
[0.638s] -- Symlinking: /home/es22/ros2_lws/src/my_robot_bringup/install/my_robot_bringup/share/my_robot_bringup/local_setup.bash
[0.643s] -- Symlinking: /home/es22/ros2_lws/src/my_robot_bringup/install/my_robot_bringup/share/my_robot_bringup/local_setup.sh
[0.648s] -- Symlinking: /home/es22/ros2_lws/src/my_robot_bringup/install/my_robot_bringup/share/my_robot_bringup/local_setup.zsh
[0.654s] -- Symlinking: /home/es22/ros2_lws/src/my_robot_bringup/install/my_robot_bringup/share/my_robot_bringup/local_setup.dsv
[0.660s] -- Symlinking: /home/es22/ros2_lws/src/my_robot_bringup/install/my_robot_bringup/share/my_robot_bringup/package.dsv
[0.667s] -- Symlinking: /home/es22/ros2_lws/src/my_robot_bringup/install/my_robot_bringup/share/ament_index/resource_index/packages/my_robot_bringup
[0.673s] -- Symlinking: /home/es22/ros2_lws/src/my_robot_bringup/install/my_robot_bringup/share/my_robot_bringup/cmake/my_robot_bringupConfig.cmake
[0.678s] -- Symlinking: /home/es22/ros2_lws/src/my_robot_bringup/install/my_robot_bringup/share/my_robot_bringup/cmake/my_robot_bringupConfig-version.cmake
[0.684s] -- Symlinking: /home/es22/ros2_lws/src/my_robot_bringup/install/my_robot_bringup/share/my_robot_bringup/package.xml
[0.691s] Invoked command in '/home/es22/ros2_lws/src/my_robot_bringup/build/my_robot_bringup' returned '0': CMAKE_PREFIX_PATH=${CMAKE_PREFIX_PATH}:/home/es22/ros2_lws/install/my_py_pkg:/home/es22/ros2_lws/install/my_robot_controller:/opt/ros/humble /usr/bin/cmake --install /home/es22/ros2_lws/src/my_robot_bringup/build/my_robot_bringup
