[1.392s] DEBUG:colcon:Command line arguments: ['/usr/bin/colcon', 'build', '--symlink-install', '--packages-select', 'my_robot_bringup']
[1.392s] DEBUG:colcon:Parsed command line arguments: Namespace(log_base=None, log_level=None, verb_name='build', build_base='build', install_base='install', merge_install=False, symlink_install=True, test_result_base=None, continue_on_error=False, executor='parallel', parallel_workers=16, event_handlers=None, ignore_user_meta=False, metas=['./colcon.meta'], base_paths=['.'], packages_ignore=None, packages_ignore_regex=None, paths=None, packages_up_to=None, packages_up_to_regex=None, packages_above=None, packages_above_and_dependencies=None, packages_above_depth=None, packages_select_by_dep=None, packages_skip_by_dep=None, packages_skip_up_to=None, packages_select_build_failed=False, packages_skip_build_finished=False, packages_select_test_failures=False, packages_skip_test_passed=False, packages_select=['my_robot_bringup'], packages_skip=None, packages_select_regex=None, packages_skip_regex=None, packages_start=None, packages_end=None, allow_overriding=[], cmake_args=None, cmake_target=None, cmake_target_skip_unavailable=False, cmake_clean_cache=False, cmake_clean_first=False, cmake_force_configure=False, meson_args=[], ament_cmake_args=None, catkin_cmake_args=None, catkin_skip_building_tests=False, mixin_files=None, mixin=None, verb_parser=<colcon_alias.argument_parser.alias.AliasArgumentDecorator object at 0x7fac2012c520>, verb_extension=<colcon_core.verb.build.BuildVerb object at 0x7fac2009b5e0>, main=<bound method BuildVerb.main of <colcon_core.verb.build.BuildVerb object at 0x7fac2009b5e0>>, mixin_verb=('build',))
[1.431s] Level 1:colcon.colcon_core.package_discovery:discover_packages(colcon_meta) check parameters
[1.431s] Level 1:colcon.colcon_core.package_discovery:discover_packages(recursive) check parameters
[1.431s] Level 1:colcon.colcon_core.package_discovery:discover_packages(ignore) check parameters
[1.431s] Level 1:colcon.colcon_core.package_discovery:discover_packages(path) check parameters
[1.431s] Level 1:colcon.colcon_core.package_discovery:discover_packages(colcon_meta) discover
[1.431s] Level 1:colcon.colcon_core.package_discovery:discover_packages(recursive) discover
[1.431s] INFO:colcon.colcon_core.package_discovery:Crawling recursively for packages in '/home/es22/ros2_lws/src/my_robot_bringup'
[1.431s] Level 1:colcon.colcon_core.package_identification:_identify(.) by extensions ['ignore', 'ignore_ament_install']
[1.431s] Level 1:colcon.colcon_core.package_identification:_identify(.) by extension 'ignore'
[1.431s] Level 1:colcon.colcon_core.package_identification:_identify(.) by extension 'ignore_ament_install'
[1.431s] Level 1:colcon.colcon_core.package_identification:_identify(.) by extensions ['colcon_pkg']
[1.431s] Level 1:colcon.colcon_core.package_identification:_identify(.) by extension 'colcon_pkg'
[1.431s] Level 1:colcon.colcon_core.package_identification:_identify(.) by extensions ['colcon_meta']
[1.431s] Level 1:colcon.colcon_core.package_identification:_identify(.) by extension 'colcon_meta'
[1.431s] Level 1:colcon.colcon_core.package_identification:_identify(.) by extensions ['ros']
[1.431s] Level 1:colcon.colcon_core.package_identification:_identify(.) by extension 'ros'
[1.449s] DEBUG:colcon.colcon_core.package_identification:Package '.' with type 'ros.ament_cmake' and name 'my_robot_bringup'
[1.449s] Level 1:colcon.colcon_core.package_discovery:discover_packages(recursive) using defaults
[1.449s] Level 1:colcon.colcon_core.package_discovery:discover_packages(ignore) discover
[1.449s] Level 1:colcon.colcon_core.package_discovery:discover_packages(ignore) using defaults
[1.449s] Level 1:colcon.colcon_core.package_discovery:discover_packages(path) discover
[1.449s] Level 1:colcon.colcon_core.package_discovery:discover_packages(path) using defaults
[1.539s] Level 1:colcon.colcon_core.package_discovery:discover_packages(prefix_path) check parameters
[1.540s] Level 1:colcon.colcon_core.package_discovery:discover_packages(prefix_path) discover
[1.566s] DEBUG:colcon.colcon_installed_package_information.package_discovery:Found 3 installed packages in /home/es22/ros2_lws/install
[1.580s] DEBUG:colcon.colcon_installed_package_information.package_discovery:Found 493 installed packages in /opt/ros/humble
[1.582s] Level 1:colcon.colcon_core.package_discovery:discover_packages(prefix_path) using defaults
[1.682s] Level 5:colcon.colcon_core.verb:set package 'my_robot_bringup' build argument 'cmake_args' from command line to 'None'
[1.682s] Level 5:colcon.colcon_core.verb:set package 'my_robot_bringup' build argument 'cmake_target' from command line to 'None'
[1.682s] Level 5:colcon.colcon_core.verb:set package 'my_robot_bringup' build argument 'cmake_target_skip_unavailable' from command line to 'False'
[1.682s] Level 5:colcon.colcon_core.verb:set package 'my_robot_bringup' build argument 'cmake_clean_cache' from command line to 'False'
[1.682s] Level 5:colcon.colcon_core.verb:set package 'my_robot_bringup' build argument 'cmake_clean_first' from command line to 'False'
[1.682s] Level 5:colcon.colcon_core.verb:set package 'my_robot_bringup' build argument 'cmake_force_configure' from command line to 'False'
[1.682s] Level 5:colcon.colcon_core.verb:set package 'my_robot_bringup' build argument 'meson_args' from command line to '[]'
[1.682s] Level 5:colcon.colcon_core.verb:set package 'my_robot_bringup' build argument 'ament_cmake_args' from command line to 'None'
[1.682s] Level 5:colcon.colcon_core.verb:set package 'my_robot_bringup' build argument 'catkin_cmake_args' from command line to 'None'
[1.682s] Level 5:colcon.colcon_core.verb:set package 'my_robot_bringup' build argument 'catkin_skip_building_tests' from command line to 'False'
[1.682s] DEBUG:colcon.colcon_core.verb:Building package 'my_robot_bringup' with the following arguments: {'ament_cmake_args': None, 'build_base': '/home/es22/ros2_lws/src/my_robot_bringup/build/my_robot_bringup', 'catkin_cmake_args': None, 'catkin_skip_building_tests': False, 'cmake_args': None, 'cmake_clean_cache': False, 'cmake_clean_first': False, 'cmake_force_configure': False, 'cmake_target': None, 'cmake_target_skip_unavailable': False, 'install_base': '/home/es22/ros2_lws/src/my_robot_bringup/install/my_robot_bringup', 'merge_install': False, 'meson_args': [], 'path': '/home/es22/ros2_lws/src/my_robot_bringup', 'symlink_install': True, 'test_result_base': None}
[1.695s] INFO:colcon.colcon_core.executor:Executing jobs using 'parallel' executor
[1.708s] DEBUG:colcon.colcon_parallel_executor.executor.parallel:run_until_complete
[1.709s] INFO:colcon.colcon_ros.task.ament_cmake.build:Building ROS package in '/home/es22/ros2_lws/src/my_robot_bringup' with build type 'ament_cmake'
[1.709s] INFO:colcon.colcon_cmake.task.cmake.build:Building CMake package in '/home/es22/ros2_lws/src/my_robot_bringup'
[1.723s] INFO:colcon.colcon_core.plugin_system:Skipping extension 'colcon_core.shell.bat': Not used on non-Windows systems
[1.723s] INFO:colcon.colcon_core.shell:Skip shell extension 'powershell' for command environment: Not usable outside of PowerShell
[1.723s] DEBUG:colcon.colcon_core.shell:Skip shell extension 'dsv' for command environment
[1.767s] DEBUG:colcon.colcon_core.event_handler.log_command:Invoking command in '/home/es22/ros2_lws/src/my_robot_bringup/build/my_robot_bringup': CMAKE_PREFIX_PATH=${CMAKE_PREFIX_PATH}:/home/es22/ros2_lws/install/my_py_pkg:/home/es22/ros2_lws/install/my_robot_controller:/opt/ros/humble /usr/bin/cmake /home/es22/ros2_lws/src/my_robot_bringup -DAMENT_CMAKE_SYMLINK_INSTALL=1 -DCMAKE_INSTALL_PREFIX=/home/es22/ros2_lws/src/my_robot_bringup/install/my_robot_bringup
[2.238s] DEBUG:colcon.colcon_core.event_handler.log_command:Invoked command in '/home/es22/ros2_lws/src/my_robot_bringup/build/my_robot_bringup' returned '0': CMAKE_PREFIX_PATH=${CMAKE_PREFIX_PATH}:/home/es22/ros2_lws/install/my_py_pkg:/home/es22/ros2_lws/install/my_robot_controller:/opt/ros/humble /usr/bin/cmake /home/es22/ros2_lws/src/my_robot_bringup -DAMENT_CMAKE_SYMLINK_INSTALL=1 -DCMAKE_INSTALL_PREFIX=/home/es22/ros2_lws/src/my_robot_bringup/install/my_robot_bringup
[2.240s] DEBUG:colcon.colcon_core.event_handler.log_command:Invoking command in '/home/es22/ros2_lws/src/my_robot_bringup/build/my_robot_bringup': CMAKE_PREFIX_PATH=${CMAKE_PREFIX_PATH}:/home/es22/ros2_lws/install/my_py_pkg:/home/es22/ros2_lws/install/my_robot_controller:/opt/ros/humble /usr/bin/cmake --build /home/es22/ros2_lws/src/my_robot_bringup/build/my_robot_bringup -- -j16 -l16
[2.265s] DEBUG:colcon.colcon_core.event_handler.log_command:Invoked command in '/home/es22/ros2_lws/src/my_robot_bringup/build/my_robot_bringup' returned '0': CMAKE_PREFIX_PATH=${CMAKE_PREFIX_PATH}:/home/es22/ros2_lws/install/my_py_pkg:/home/es22/ros2_lws/install/my_robot_controller:/opt/ros/humble /usr/bin/cmake --build /home/es22/ros2_lws/src/my_robot_bringup/build/my_robot_bringup -- -j16 -l16
[2.286s] DEBUG:colcon.colcon_core.event_handler.log_command:Invoking command in '/home/es22/ros2_lws/src/my_robot_bringup/build/my_robot_bringup': CMAKE_PREFIX_PATH=${CMAKE_PREFIX_PATH}:/home/es22/ros2_lws/install/my_py_pkg:/home/es22/ros2_lws/install/my_robot_controller:/opt/ros/humble /usr/bin/cmake --install /home/es22/ros2_lws/src/my_robot_bringup/build/my_robot_bringup
[2.399s] Level 1:colcon.colcon_core.environment:create_environment_scripts_only(my_robot_bringup)
[2.400s] DEBUG:colcon.colcon_core.event_handler.log_command:Invoked command in '/home/es22/ros2_lws/src/my_robot_bringup/build/my_robot_bringup' returned '0': CMAKE_PREFIX_PATH=${CMAKE_PREFIX_PATH}:/home/es22/ros2_lws/install/my_py_pkg:/home/es22/ros2_lws/install/my_robot_controller:/opt/ros/humble /usr/bin/cmake --install /home/es22/ros2_lws/src/my_robot_bringup/build/my_robot_bringup
[2.415s] Level 1:colcon.colcon_core.environment:checking '/home/es22/ros2_lws/src/my_robot_bringup/install/my_robot_bringup' for CMake module files
[2.415s] Level 1:colcon.colcon_core.environment:checking '/home/es22/ros2_lws/src/my_robot_bringup/install/my_robot_bringup' for CMake config files
[2.415s] Level 1:colcon.colcon_core.shell:create_environment_hook('my_robot_bringup', 'cmake_prefix_path')
[2.429s] INFO:colcon.colcon_core.shell:Creating environment hook '/home/es22/ros2_lws/src/my_robot_bringup/install/my_robot_bringup/share/my_robot_bringup/hook/cmake_prefix_path.ps1'
[2.430s] INFO:colcon.colcon_core.shell:Creating environment descriptor '/home/es22/ros2_lws/src/my_robot_bringup/install/my_robot_bringup/share/my_robot_bringup/hook/cmake_prefix_path.dsv'
[2.430s] INFO:colcon.colcon_core.shell:Creating environment hook '/home/es22/ros2_lws/src/my_robot_bringup/install/my_robot_bringup/share/my_robot_bringup/hook/cmake_prefix_path.sh'
[2.430s] Level 1:colcon.colcon_core.environment:checking '/home/es22/ros2_lws/src/my_robot_bringup/install/my_robot_bringup/bin'
[2.430s] Level 1:colcon.colcon_core.environment:checking '/home/es22/ros2_lws/src/my_robot_bringup/install/my_robot_bringup/lib/pkgconfig/my_robot_bringup.pc'
[2.431s] Level 1:colcon.colcon_core.environment:checking '/home/es22/ros2_lws/src/my_robot_bringup/install/my_robot_bringup/lib/python3.10/site-packages'
[2.431s] Level 1:colcon.colcon_core.environment:checking '/home/es22/ros2_lws/src/my_robot_bringup/install/my_robot_bringup/bin'
[2.444s] INFO:colcon.colcon_core.shell:Creating package script '/home/es22/ros2_lws/src/my_robot_bringup/install/my_robot_bringup/share/my_robot_bringup/package.ps1'
[2.444s] INFO:colcon.colcon_core.shell:Creating package descriptor '/home/es22/ros2_lws/src/my_robot_bringup/install/my_robot_bringup/share/my_robot_bringup/package.dsv'
[2.445s] INFO:colcon.colcon_core.shell:Creating package script '/home/es22/ros2_lws/src/my_robot_bringup/install/my_robot_bringup/share/my_robot_bringup/package.sh'
[2.445s] INFO:colcon.colcon_core.shell:Creating package script '/home/es22/ros2_lws/src/my_robot_bringup/install/my_robot_bringup/share/my_robot_bringup/package.bash'
[2.446s] INFO:colcon.colcon_core.shell:Creating package script '/home/es22/ros2_lws/src/my_robot_bringup/install/my_robot_bringup/share/my_robot_bringup/package.zsh'
[2.446s] Level 1:colcon.colcon_core.environment:create_file_with_runtime_dependencies(/home/es22/ros2_lws/src/my_robot_bringup/install/my_robot_bringup/share/colcon-core/packages/my_robot_bringup)
[2.475s] Level 1:colcon.colcon_core.environment:create_environment_scripts_only(my_robot_bringup)
[2.488s] Level 1:colcon.colcon_core.environment:checking '/home/es22/ros2_lws/src/my_robot_bringup/install/my_robot_bringup' for CMake module files
[2.488s] Level 1:colcon.colcon_core.environment:checking '/home/es22/ros2_lws/src/my_robot_bringup/install/my_robot_bringup' for CMake config files
[2.488s] Level 1:colcon.colcon_core.shell:create_environment_hook('my_robot_bringup', 'cmake_prefix_path')
[2.501s] INFO:colcon.colcon_core.shell:Creating environment hook '/home/es22/ros2_lws/src/my_robot_bringup/install/my_robot_bringup/share/my_robot_bringup/hook/cmake_prefix_path.ps1'
[2.501s] INFO:colcon.colcon_core.shell:Creating environment descriptor '/home/es22/ros2_lws/src/my_robot_bringup/install/my_robot_bringup/share/my_robot_bringup/hook/cmake_prefix_path.dsv'
[2.501s] INFO:colcon.colcon_core.shell:Creating environment hook '/home/es22/ros2_lws/src/my_robot_bringup/install/my_robot_bringup/share/my_robot_bringup/hook/cmake_prefix_path.sh'
[2.501s] Level 1:colcon.colcon_core.environment:checking '/home/es22/ros2_lws/src/my_robot_bringup/install/my_robot_bringup/bin'
[2.501s] Level 1:colcon.colcon_core.environment:checking '/home/es22/ros2_lws/src/my_robot_bringup/install/my_robot_bringup/lib/pkgconfig/my_robot_bringup.pc'
[2.502s] Level 1:colcon.colcon_core.environment:checking '/home/es22/ros2_lws/src/my_robot_bringup/install/my_robot_bringup/lib/python3.10/site-packages'
[2.502s] Level 1:colcon.colcon_core.environment:checking '/home/es22/ros2_lws/src/my_robot_bringup/install/my_robot_bringup/bin'
[2.516s] INFO:colcon.colcon_core.shell:Creating package script '/home/es22/ros2_lws/src/my_robot_bringup/install/my_robot_bringup/share/my_robot_bringup/package.ps1'
[2.516s] INFO:colcon.colcon_core.shell:Creating package descriptor '/home/es22/ros2_lws/src/my_robot_bringup/install/my_robot_bringup/share/my_robot_bringup/package.dsv'
[2.516s] INFO:colcon.colcon_core.shell:Creating package script '/home/es22/ros2_lws/src/my_robot_bringup/install/my_robot_bringup/share/my_robot_bringup/package.sh'
[2.517s] INFO:colcon.colcon_core.shell:Creating package script '/home/es22/ros2_lws/src/my_robot_bringup/install/my_robot_bringup/share/my_robot_bringup/package.bash'
[2.517s] INFO:colcon.colcon_core.shell:Creating package script '/home/es22/ros2_lws/src/my_robot_bringup/install/my_robot_bringup/share/my_robot_bringup/package.zsh'
[2.517s] Level 1:colcon.colcon_core.environment:create_file_with_runtime_dependencies(/home/es22/ros2_lws/src/my_robot_bringup/install/my_robot_bringup/share/colcon-core/packages/my_robot_bringup)
[2.518s] DEBUG:colcon.colcon_parallel_executor.executor.parallel:closing loop
[2.518s] DEBUG:colcon.colcon_parallel_executor.executor.parallel:loop closed
[2.518s] DEBUG:colcon.colcon_parallel_executor.executor.parallel:run_until_complete finished with '0'
[2.518s] DEBUG:colcon.colcon_core.event_reactor:joining thread
[2.536s] INFO:colcon.colcon_core.plugin_system:Skipping extension 'colcon_notification.desktop_notification.terminal_notifier': Not used on non-Darwin systems
[2.536s] INFO:colcon.colcon_core.plugin_system:Skipping extension 'colcon_notification.desktop_notification.win32': Not used on non-Windows systems
[2.537s] INFO:colcon.colcon_notification.desktop_notification:Sending desktop notification using 'notify2'
[2.543s] DEBUG:colcon.colcon_core.event_reactor:joined thread
[2.557s] INFO:colcon.colcon_core.shell:Creating prefix script '/home/es22/ros2_lws/src/my_robot_bringup/install/local_setup.ps1'
[2.558s] INFO:colcon.colcon_core.shell:Creating prefix util module '/home/es22/ros2_lws/src/my_robot_bringup/install/_local_setup_util_ps1.py'
[2.559s] INFO:colcon.colcon_core.shell:Creating prefix chain script '/home/es22/ros2_lws/src/my_robot_bringup/install/setup.ps1'
[2.573s] INFO:colcon.colcon_core.shell:Creating prefix script '/home/es22/ros2_lws/src/my_robot_bringup/install/local_setup.sh'
[2.573s] INFO:colcon.colcon_core.shell:Creating prefix util module '/home/es22/ros2_lws/src/my_robot_bringup/install/_local_setup_util_sh.py'
[2.573s] INFO:colcon.colcon_core.shell:Creating prefix chain script '/home/es22/ros2_lws/src/my_robot_bringup/install/setup.sh'
[2.587s] INFO:colcon.colcon_core.shell:Creating prefix script '/home/es22/ros2_lws/src/my_robot_bringup/install/local_setup.bash'
[2.588s] INFO:colcon.colcon_core.shell:Creating prefix chain script '/home/es22/ros2_lws/src/my_robot_bringup/install/setup.bash'
[2.602s] INFO:colcon.colcon_core.shell:Creating prefix script '/home/es22/ros2_lws/src/my_robot_bringup/install/local_setup.zsh'
[2.602s] INFO:colcon.colcon_core.shell:Creating prefix chain script '/home/es22/ros2_lws/src/my_robot_bringup/install/setup.zsh'
[2.616s] INFO:colcon.colcon_core.shell:Creating '/home/es22/ros2_lws/src/my_robot_bringup/install/spawn_shell.bash'
