-- Install configuration: ""
-- Execute custom install script
-- Symlinking: /home/es22/ros2_lws/src/my_robot_bringup/install/my_robot_bringup/share/my_robot_bringup/launch/demo_multi_launch.launch.py
-- Up-to-date symlink: /home/es22/ros2_lws/src/my_robot_bringup/install/my_robot_bringup/share/my_robot_bringup/launch/demo_xml.launch.xml
-- Up-to-date symlink: /home/es22/ros2_lws/src/my_robot_bringup/install/my_robot_bringup/share/my_robot_bringup/launch/params.launch.py
-- Up-to-date symlink: /home/es22/ros2_lws/src/my_robot_bringup/install/my_robot_bringup/share/my_robot_bringup/launch/test.launch.py
-- Up-to-date symlink: /home/es22/ros2_lws/src/my_robot_bringup/install/my_robot_bringup/share/my_robot_bringup/config/params.yaml
-- Up-to-date symlink: /home/es22/ros2_lws/src/my_robot_bringup/install/my_robot_bringup/share/ament_index/resource_index/package_run_dependencies/my_robot_bringup
-- Up-to-date symlink: /home/es22/ros2_lws/src/my_robot_bringup/install/my_robot_bringup/share/ament_index/resource_index/parent_prefix_path/my_robot_bringup
-- Up-to-date symlink: /home/es22/ros2_lws/src/my_robot_bringup/install/my_robot_bringup/share/my_robot_bringup/environment/ament_prefix_path.sh
-- Up-to-date symlink: /home/es22/ros2_lws/src/my_robot_bringup/install/my_robot_bringup/share/my_robot_bringup/environment/ament_prefix_path.dsv
-- Up-to-date symlink: /home/es22/ros2_lws/src/my_robot_bringup/install/my_robot_bringup/share/my_robot_bringup/environment/path.sh
-- Up-to-date symlink: /home/es22/ros2_lws/src/my_robot_bringup/install/my_robot_bringup/share/my_robot_bringup/environment/path.dsv
-- Up-to-date symlink: /home/es22/ros2_lws/src/my_robot_bringup/install/my_robot_bringup/share/my_robot_bringup/local_setup.bash
-- Up-to-date symlink: /home/es22/ros2_lws/src/my_robot_bringup/install/my_robot_bringup/share/my_robot_bringup/local_setup.sh
-- Up-to-date symlink: /home/es22/ros2_lws/src/my_robot_bringup/install/my_robot_bringup/share/my_robot_bringup/local_setup.zsh
-- Up-to-date symlink: /home/es22/ros2_lws/src/my_robot_bringup/install/my_robot_bringup/share/my_robot_bringup/local_setup.dsv
-- Symlinking: /home/es22/ros2_lws/src/my_robot_bringup/install/my_robot_bringup/share/my_robot_bringup/package.dsv
-- Up-to-date symlink: /home/es22/ros2_lws/src/my_robot_bringup/install/my_robot_bringup/share/ament_index/resource_index/packages/my_robot_bringup
-- Up-to-date symlink: /home/es22/ros2_lws/src/my_robot_bringup/install/my_robot_bringup/share/my_robot_bringup/cmake/my_robot_bringupConfig.cmake
-- Up-to-date symlink: /home/es22/ros2_lws/src/my_robot_bringup/install/my_robot_bringup/share/my_robot_bringup/cmake/my_robot_bringupConfig-version.cmake
-- Up-to-date symlink: /home/es22/ros2_lws/src/my_robot_bringup/install/my_robot_bringup/share/my_robot_bringup/package.xml
