[0.076s] Invoking command in '/home/es22/ros2_lws/src/my_robot_bringup/build/my_robot_bringup': CMAKE_PREFIX_PATH=${CMAKE_PREFIX_PATH}:/home/es22/ros2_lws/install/my_py_pkg:/home/es22/ros2_lws/install/my_robot_controller:/opt/ros/humble /usr/bin/cmake --build /home/es22/ros2_lws/src/my_robot_bringup/build/my_robot_bringup -- -j16 -l16
[0.101s] Invoked command in '/home/es22/ros2_lws/src/my_robot_bringup/build/my_robot_bringup' returned '0': CMAKE_PREFIX_PATH=${CMAKE_PREFIX_PATH}:/home/es22/ros2_lws/install/my_py_pkg:/home/es22/ros2_lws/install/my_robot_controller:/opt/ros/humble /usr/bin/cmake --build /home/es22/ros2_lws/src/my_robot_bringup/build/my_robot_bringup -- -j16 -l16
[0.123s] Invoking command in '/home/es22/ros2_lws/src/my_robot_bringup/build/my_robot_bringup': CMAKE_PREFIX_PATH=${CMAKE_PREFIX_PATH}:/home/es22/ros2_lws/install/my_py_pkg:/home/es22/ros2_lws/install/my_robot_controller:/opt/ros/humble /usr/bin/cmake --install /home/es22/ros2_lws/src/my_robot_bringup/build/my_robot_bringup
[0.130s] -- Install configuration: ""
[0.130s] -- Execute custom install script
[0.130s] -- Symlinking: /home/es22/ros2_lws/src/my_robot_bringup/install/my_robot_bringup/share/my_robot_bringup/launch/demo_multi_launch.launch.py
[0.136s] -- Up-to-date symlink: /home/es22/ros2_lws/src/my_robot_bringup/install/my_robot_bringup/share/my_robot_bringup/launch/demo_xml.launch.xml
[0.136s] -- Up-to-date symlink: /home/es22/ros2_lws/src/my_robot_bringup/install/my_robot_bringup/share/my_robot_bringup/launch/params.launch.py
[0.137s] -- Up-to-date symlink: /home/es22/ros2_lws/src/my_robot_bringup/install/my_robot_bringup/share/my_robot_bringup/launch/test.launch.py
[0.137s] -- Up-to-date symlink: /home/es22/ros2_lws/src/my_robot_bringup/install/my_robot_bringup/share/my_robot_bringup/config/params.yaml
[0.137s] -- Up-to-date symlink: /home/es22/ros2_lws/src/my_robot_bringup/install/my_robot_bringup/share/ament_index/resource_index/package_run_dependencies/my_robot_bringup
[0.137s] -- Up-to-date symlink: /home/es22/ros2_lws/src/my_robot_bringup/install/my_robot_bringup/share/ament_index/resource_index/parent_prefix_path/my_robot_bringup
[0.137s] -- Up-to-date symlink: /home/es22/ros2_lws/src/my_robot_bringup/install/my_robot_bringup/share/my_robot_bringup/environment/ament_prefix_path.sh
[0.137s] -- Up-to-date symlink: /home/es22/ros2_lws/src/my_robot_bringup/install/my_robot_bringup/share/my_robot_bringup/environment/ament_prefix_path.dsv
[0.137s] -- Up-to-date symlink: /home/es22/ros2_lws/src/my_robot_bringup/install/my_robot_bringup/share/my_robot_bringup/environment/path.sh
[0.137s] -- Up-to-date symlink: /home/es22/ros2_lws/src/my_robot_bringup/install/my_robot_bringup/share/my_robot_bringup/environment/path.dsv
[0.137s] -- Up-to-date symlink: /home/es22/ros2_lws/src/my_robot_bringup/install/my_robot_bringup/share/my_robot_bringup/local_setup.bash
[0.138s] -- Up-to-date symlink: /home/es22/ros2_lws/src/my_robot_bringup/install/my_robot_bringup/share/my_robot_bringup/local_setup.sh
[0.138s] -- Up-to-date symlink: /home/es22/ros2_lws/src/my_robot_bringup/install/my_robot_bringup/share/my_robot_bringup/local_setup.zsh
[0.138s] -- Up-to-date symlink: /home/es22/ros2_lws/src/my_robot_bringup/install/my_robot_bringup/share/my_robot_bringup/local_setup.dsv
[0.138s] -- Symlinking: /home/es22/ros2_lws/src/my_robot_bringup/install/my_robot_bringup/share/my_robot_bringup/package.dsv
[0.144s] -- Up-to-date symlink: /home/es22/ros2_lws/src/my_robot_bringup/install/my_robot_bringup/share/ament_index/resource_index/packages/my_robot_bringup
[0.144s] -- Up-to-date symlink: /home/es22/ros2_lws/src/my_robot_bringup/install/my_robot_bringup/share/my_robot_bringup/cmake/my_robot_bringupConfig.cmake
[0.144s] -- Up-to-date symlink: /home/es22/ros2_lws/src/my_robot_bringup/install/my_robot_bringup/share/my_robot_bringup/cmake/my_robot_bringupConfig-version.cmake
[0.145s] -- Up-to-date symlink: /home/es22/ros2_lws/src/my_robot_bringup/install/my_robot_bringup/share/my_robot_bringup/package.xml
[0.146s] Invoked command in '/home/es22/ros2_lws/src/my_robot_bringup/build/my_robot_bringup' returned '0': CMAKE_PREFIX_PATH=${CMAKE_PREFIX_PATH}:/home/es22/ros2_lws/install/my_py_pkg:/home/es22/ros2_lws/install/my_robot_controller:/opt/ros/humble /usr/bin/cmake --install /home/es22/ros2_lws/src/my_robot_bringup/build/my_robot_bringup
